*** QuickView update process started on Wed Jan 04 10:51:57 2012 ***

Updating 40x30.pad
	Update succeeded.

Updating 60c85c35d.pad
	Update succeeded.

Updating 60s85c35d.pad
	Update succeeded.

Updating 60x100.pad
	Update succeeded.

Updating 60x50.pad
	Update succeeded.

Updating 60x60.pad
	Update succeeded.

Updating bgapad.pad
	Update succeeded.

Updating bondpad_wbd.pad
	Update succeeded.

Updating bondpad_wbu.pad
	Update succeeded.

Updating capp2_pad1_pad1.pad
	Update succeeded.

Updating capp2_pad1_pad2.pad
	Update succeeded.

Updating cq_pad1_pad1.pad
	Update succeeded.

Updating cq_pad1_pad2.pad
	Update succeeded.

Updating diepad_fcd.pad
	Update succeeded.

Updating diepad_fcu.pad
	Update succeeded.

Updating diepad_wb.pad
	Update succeeded.

Updating euroa.pad
	Update succeeded.

Updating euroe.pad
	Update succeeded.

Updating hole106p.pad
	Update succeeded.

Updating hole109p.pad
	Update succeeded.

Updating hole109u.pad
	Update succeeded.

Updating hole120.pad
	Update succeeded.

Updating hole130p.pad
	Update succeeded.

Updating hole135.pad
	Update succeeded.

Updating hole145.pad
	Update succeeded.

Updating hole150.pad
	Update succeeded.

Updating hole160.pad
	Update succeeded.

Updating hole165.pad
	Update succeeded.

Updating hole170.pad
	Update succeeded.

Updating hole180.pad
	Update succeeded.

Updating hole190.pad
	Update succeeded.

Updating hole210.pad
	Update succeeded.

Updating hole230.pad
	Update succeeded.

Updating hole265.pad
	Update succeeded.

Updating hole280.pad
	Update succeeded.

Updating hole285.pad
	Update succeeded.

Updating hole540.pad
	Update succeeded.

Updating hole800.pad
	Update succeeded.

Updating ibm.pad
	Update succeeded.

Updating lq_pad1_pad1.pad
	Update succeeded.

Updating lq_pad1_pad2.pad
	Update succeeded.

Updating multi30b.pad
	Update succeeded.

Updating multi30t.pad
	Update succeeded.

Updating multi43b.pad
	Update succeeded.

Updating multi43t.pad
	Update succeeded.

Updating pad100cir62d.pad
	Update succeeded.

Updating pad100cir79d.pad
	Update succeeded.

Updating pad100cir84d.pad
	Update succeeded.

Updating pad100sq62d.pad
	Update succeeded.

Updating pad120cir62d.pad
	Update succeeded.

Updating pad125.pad
	Update succeeded.

Updating pad125cir63d.pad
	Update succeeded.

Updating pad150cir63d.pad
	Update succeeded.

Updating pad156.pad
	Update succeeded.

Updating pad170h.pad
	Update succeeded.

Updating pad250.pad
	Update succeeded.

Updating pad262rec35.pad
	Update succeeded.

Updating pad30cir20d.pad
	Update succeeded.

Updating pad31cir21d.pad
	Update succeeded.

Updating pad35cir21d.pad
	Update succeeded.

Updating pad35cir25d.pad
	Update succeeded.

Updating pad40cir25d.pad
	Update succeeded.

Updating pad40cir28d.pad
	Update succeeded.

Updating pad40cir33d.pad
	Update succeeded.

Updating pad424cir170d.pad
	Update succeeded.

Updating pad43cir33d.pad
	Update succeeded.

Updating pad44cir33.pad
	Update succeeded.

Updating pad44cir34d.pad
	Update succeeded.

Updating pad45cir22d.pad
	Update succeeded.

Updating pad45cir30d.pad
	Update succeeded.

Updating pad50cir30d.pad
	Update succeeded.

Updating pad50cir32d.pad
	Update succeeded.

Updating pad50sq30d.pad
	Update succeeded.

Updating pad50sq32d.pad
	Update succeeded.

Updating pad55cir25.pad
	Update succeeded.

Updating pad55cir25d.pad
	Update succeeded.

Updating pad55scir25d.pad
	Update succeeded.

Updating pad55sq25d.pad
	Update succeeded.

Updating pad60cir35.pad
	Update succeeded.

Updating pad60cir35d.pad
	Update succeeded.

Updating pad60cir36d.pad
	Update succeeded.

Updating pad60cir38d.pad
	Update succeeded.

Updating pad60cir42d.pad
	Update succeeded.

Updating pad60sq36d.pad
	Update succeeded.

Updating pad62cir32d.pad
	Update succeeded.

Updating pad62sq32d.pad
	Update succeeded.

Updating pad62sq37d.pad
	Update succeeded.

Updating pad65cir35d.pad
	Update succeeded.

Updating pad65cir37d.pad
	Update succeeded.

Updating pad65cir41d.pad
	Update succeeded.

Updating pad65cir42d.pad
	Update succeeded.

Updating pad65cir43d.pad
	Update succeeded.

Updating pad65sq35d.pad
	Update succeeded.

Updating pad65sq37d.pad
	Update succeeded.

Updating pad667cir227d.pad
	Update succeeded.

Updating pad70cir45d.pad
	Update succeeded.

Updating pad70cir60d.pad
	Update succeeded.

Updating pad70sq45d.pad
	Update succeeded.

Updating pad75cir38d.pad
	Update succeeded.

Updating pad75cir45d.pad
	Update succeeded.

Updating pad75cir49d.pad
	Update succeeded.

Updating pad75cir51d.pad
	Update succeeded.

Updating pad75sq49d.pad
	Update succeeded.

Updating pad80cir50d.pad
	Update succeeded.

Updating pad80cir55d.pad
	Update succeeded.

Updating pad80cir65d.pad
	Update succeeded.

Updating pad90cir70d.pad
	Update succeeded.

Updating pad93cir51d.pad
	Update succeeded.

Updating pad93cir52d.pad
	Update succeeded.

Updating pad93cir53d.pad
	Update succeeded.

Updating pad93cir56d.pad
	Update succeeded.

Updating pad93cir58d.pad
	Update succeeded.

Updating pga.pad
	Update succeeded.

Updating pga_sq.pad
	Update succeeded.

Updating smd110rec19.pad
	Update succeeded.

Updating smd110rec23.pad
	Update succeeded.

Updating smd140rec250.pad
	Update succeeded.

Updating smd162by68.pad
	Update succeeded.

Updating smd180rec40.pad
	Update succeeded.

Updating smd20_17.pad
	Update succeeded.

Updating smd240_235.pad
	Update succeeded.

Updating smd250rec46.pad
	Update succeeded.

Updating smd25_310.pad
	Update succeeded.

Updating smd25_310b.pad
	Update succeeded.

Updating smd25_360.pad
	Update succeeded.

Updating smd25_360b.pad
	Update succeeded.

Updating smd25_400.pad
	Update succeeded.

Updating smd25_400b.pad
	Update succeeded.

Updating smd25_48.pad
	Update succeeded.

Updating smd25_48b.pad
	Update succeeded.

Updating smd25_50.pad
	Update succeeded.

Updating smd25_50b.pad
	Update succeeded.

Updating smd25_75.pad
	Update succeeded.

Updating smd25_94.pad
	Update succeeded.

Updating smd25_94b.pad
	Update succeeded.

Updating smd300rec250.pad
	Update succeeded.

Updating smd30_115.pad
	Update succeeded.

Updating smd30_115b.pad
	Update succeeded.

Updating smd30_31.pad
	Update succeeded.

Updating smd30_31b.pad
	Update succeeded.

Updating smd30_35.pad
	Update succeeded.

Updating smd30_35b.pad
	Update succeeded.

Updating smd30_55.pad
	Update succeeded.

Updating smd30_55b.pad
	Update succeeded.

Updating smd30_57.pad
	Update succeeded.

Updating smd30_94.pad
	Update succeeded.

Updating smd30_94b.pad
	Update succeeded.

Updating smd30_96.pad
	Update succeeded.

Updating smd30rec14.pad
	Update succeeded.

Updating smd32_17.pad
	Update succeeded.

Updating smd330rec48.pad
	Update succeeded.

Updating smd335rec350.pad
	Update succeeded.

Updating smd360rec300.pad
	Update succeeded.

Updating smd36_49.pad
	Update succeeded.

Updating smd36rec12.pad
	Update succeeded.

Updating smd38rec32.pad
	Update succeeded.

Updating smd425rec75.pad
	Update succeeded.

Updating smd435rec220.pad
	Update succeeded.

Updating smd44rec32.pad
	Update succeeded.

Updating smd44rec72.pad
	Update succeeded.

Updating smd50_25.pad
	Update succeeded.

Updating smd50_36.pad
	Update succeeded.

Updating smd50_63.pad
	Update succeeded.

Updating smd50_87.pad
	Update succeeded.

Updating smd50rec12.pad
	Update succeeded.

Updating smd50rec19.pad
	Update succeeded.

Updating smd50rec25.pad
	Update succeeded.

Updating smd50rec40.pad
	Update succeeded.

Updating smd52rec32.pad
	Update succeeded.

Updating smd52rec48.pad
	Update succeeded.

Updating smd550rec60.pad
	Update succeeded.

Updating smd55rec425.pad
	Update succeeded.

Updating smd60rec13.pad
	Update succeeded.

Updating smd60rec19.pad
	Update succeeded.

Updating smd60rec20.pad
	Update succeeded.

Updating smd60rec25.pad
	Update succeeded.

Updating smd60rec40.pad
	Update succeeded.

Updating smd65rec13.pad
	Update succeeded.

Updating smd65rec16.pad
	Update succeeded.

Updating smd68rec12.pad
	Update succeeded.

Updating smd70_230.pad
	Update succeeded.

Updating smd70rec20.pad
	Update succeeded.

Updating smd75_25.pad
	Update succeeded.

Updating smd80by180.pad
	Update succeeded.

Updating smd80rec317.pad
	Update succeeded.

Updating smd80rec320.pad
	Update succeeded.

Updating smd84rec12.pad
	Update succeeded.

Updating smd85rec13.pad
	Update succeeded.

Updating smd86rec330.pad
	Update succeeded.

Updating smd90rec19.pad
	Update succeeded.

Updating soj.pad
	Update succeeded.

Updating sq55.pad
	Update succeeded.

Updating sq60.pad
	Update succeeded.

Updating via.pad
	Update succeeded.

Updating via26.pad
	Update succeeded.

Updating via_fc.pad
	Update succeeded.

Updating via_fcd.pad
	Update succeeded.

Updating via_fcu.pad
	Update succeeded.

Updating via_wbd.pad
	Update succeeded.

Updating via_wbu.pad
	Update succeeded.

Updating x2y_0603_gnd.pad
	Update succeeded.

Updating x2y_0603_pwr.pad
	Update succeeded.

Updating xpintop.pad
	Update succeeded.

Updating 0603rf_wv_12d.dra
No match found for '0603rf_wv_12d.dra' in the search path.
	ERROR: Failed to open drawing

Updating 0805rf_wv_12d.dra
No match found for '0805rf_wv_12d.dra' in the search path.
	ERROR: Failed to open drawing

Updating 1206rf_wv_12d.dra
No match found for '1206rf_wv_12d.dra' in the search path.
	ERROR: Failed to open drawing

Updating 1210rf_wv_12d.dra
No match found for '1210rf_wv_12d.dra' in the search path.
	ERROR: Failed to open drawing

Updating ab00.dra
No match found for 'ab00.dra' in the search path.
	ERROR: Failed to open drawing

Updating ab85.dra
No match found for 'ab85.dra' in the search path.
	ERROR: Failed to open drawing

Updating asizeh.dra
No match found for 'asizeh.dra' in the search path.
	ERROR: Failed to open drawing

Updating asizev.dra
No match found for 'asizev.dra' in the search path.
	ERROR: Failed to open drawing

Updating at_35ux.dra
No match found for 'at_35ux.dra' in the search path.
	ERROR: Failed to open drawing

Updating bsize.dra
No match found for 'bsize.dra' in the search path.
	ERROR: Failed to open drawing

Updating cap1000.dra
No match found for 'cap1000.dra' in the search path.
	ERROR: Failed to open drawing

Updating cap1500.dra
No match found for 'cap1500.dra' in the search path.
	ERROR: Failed to open drawing

Updating cap196.dra
No match found for 'cap196.dra' in the search path.
	ERROR: Failed to open drawing

Updating cap300.dra
No match found for 'cap300.dra' in the search path.
	ERROR: Failed to open drawing

Updating cap400.dra
No match found for 'cap400.dra' in the search path.
	ERROR: Failed to open drawing

Updating cap600.dra
No match found for 'cap600.dra' in the search path.
	ERROR: Failed to open drawing

Updating capck05.dra
No match found for 'capck05.dra' in the search path.
	ERROR: Failed to open drawing

Updating capck06.dra
No match found for 'capck06.dra' in the search path.
	ERROR: Failed to open drawing

Updating capck60.dra
No match found for 'capck60.dra' in the search path.
	ERROR: Failed to open drawing

Updating capck62.dra
No match found for 'capck62.dra' in the search path.
	ERROR: Failed to open drawing

Updating case17-02.dra
No match found for 'case17-02.dra' in the search path.
	ERROR: Failed to open drawing

Updating cb298.dra
No match found for 'cb298.dra' in the search path.
	ERROR: Failed to open drawing

Updating cb417.dra
No match found for 'cb417.dra' in the search path.
	ERROR: Failed to open drawing

Updating ck12-10pf.dra
No match found for 'ck12-10pf.dra' in the search path.
	ERROR: Failed to open drawing

Updating ck13-10pf.dra
No match found for 'ck13-10pf.dra' in the search path.
	ERROR: Failed to open drawing

Updating ck14-10pf.dra
No match found for 'ck14-10pf.dra' in the search path.
	ERROR: Failed to open drawing

Updating ck15-10pf.dra
No match found for 'ck15-10pf.dra' in the search path.
	ERROR: Failed to open drawing

Updating ck16-10pf.dra
No match found for 'ck16-10pf.dra' in the search path.
	ERROR: Failed to open drawing

Updating ck17-10pf.dra
No match found for 'ck17-10pf.dra' in the search path.
	ERROR: Failed to open drawing

Updating clcc28.dra
No match found for 'clcc28.dra' in the search path.
	ERROR: Failed to open drawing

Updating clcc344.dra
No match found for 'clcc344.dra' in the search path.
	ERROR: Failed to open drawing

Updating clcc44.dra
No match found for 'clcc44.dra' in the search path.
	ERROR: Failed to open drawing

Updating clcc68.dra
No match found for 'clcc68.dra' in the search path.
	ERROR: Failed to open drawing

Updating clcc84.dra
No match found for 'clcc84.dra' in the search path.
	ERROR: Failed to open drawing

Updating conn10.dra
No match found for 'conn10.dra' in the search path.
	ERROR: Failed to open drawing

Updating conn20.dra
No match found for 'conn20.dra' in the search path.
	ERROR: Failed to open drawing

Updating conn26.dra
No match found for 'conn26.dra' in the search path.
	ERROR: Failed to open drawing

Updating conn50.dra
No match found for 'conn50.dra' in the search path.
	ERROR: Failed to open drawing

Updating conn6.dra
No match found for 'conn6.dra' in the search path.
	ERROR: Failed to open drawing

Updating conn9.dra
No match found for 'conn9.dra' in the search path.
	ERROR: Failed to open drawing

Updating cpga100_x.dra
No match found for 'cpga100_x.dra' in the search path.
	ERROR: Failed to open drawing

Updating cpga132.dra
No match found for 'cpga132.dra' in the search path.
	ERROR: Failed to open drawing

Updating cpga160_x.dra
No match found for 'cpga160_x.dra' in the search path.
	ERROR: Failed to open drawing

Updating cpga175.dra
No match found for 'cpga175.dra' in the search path.
	ERROR: Failed to open drawing

Updating cpga191_x.dra
No match found for 'cpga191_x.dra' in the search path.
	ERROR: Failed to open drawing

Updating cpga192_x.dra
No match found for 'cpga192_x.dra' in the search path.
	ERROR: Failed to open drawing

Updating cpga207.dra
No match found for 'cpga207.dra' in the search path.
	ERROR: Failed to open drawing

Updating cpga208.dra
No match found for 'cpga208.dra' in the search path.
	ERROR: Failed to open drawing

Updating cpga262.dra
No match found for 'cpga262.dra' in the search path.
	ERROR: Failed to open drawing

Updating cpga68.dra
No match found for 'cpga68.dra' in the search path.
	ERROR: Failed to open drawing

Updating cpga69.dra
No match found for 'cpga69.dra' in the search path.
	ERROR: Failed to open drawing

Updating cpga84_x.dra
No match found for 'cpga84_x.dra' in the search path.
	ERROR: Failed to open drawing

Updating cpga85_x.dra
No match found for 'cpga85_x.dra' in the search path.
	ERROR: Failed to open drawing

Updating cqfp100.dra
No match found for 'cqfp100.dra' in the search path.
	ERROR: Failed to open drawing

Updating cqfp132.dra
No match found for 'cqfp132.dra' in the search path.
	ERROR: Failed to open drawing

Updating cqfp164.dra
No match found for 'cqfp164.dra' in the search path.
	ERROR: Failed to open drawing

Updating cqfp208_alt.dra
No match found for 'cqfp208_alt.dra' in the search path.
	ERROR: Failed to open drawing

Updating cqfp44_amd.dra
No match found for 'cqfp44_amd.dra' in the search path.
	ERROR: Failed to open drawing

Updating cqfp64_idt.dra
No match found for 'cqfp64_idt.dra' in the search path.
	ERROR: Failed to open drawing

Updating cqfp68.dra
No match found for 'cqfp68.dra' in the search path.
	ERROR: Failed to open drawing

Updating cqfp68_l.dra
No match found for 'cqfp68_l.dra' in the search path.
	ERROR: Failed to open drawing

Updating cqfp84.dra
No match found for 'cqfp84.dra' in the search path.
	ERROR: Failed to open drawing

Updating crys11mhz.dra
No match found for 'crys11mhz.dra' in the search path.
	ERROR: Failed to open drawing

Updating crys14.dra
No match found for 'crys14.dra' in the search path.
	ERROR: Failed to open drawing

Updating csize.dra
No match found for 'csize.dra' in the search path.
	ERROR: Failed to open drawing

Updating cy10.dra
No match found for 'cy10.dra' in the search path.
	ERROR: Failed to open drawing

Updating cy15.dra
No match found for 'cy15.dra' in the search path.
	ERROR: Failed to open drawing

Updating cy20.dra
No match found for 'cy20.dra' in the search path.
	ERROR: Failed to open drawing

Updating db15.dra
No match found for 'db15.dra' in the search path.
	ERROR: Failed to open drawing

Updating db25.dra
No match found for 'db25.dra' in the search path.
	ERROR: Failed to open drawing

Updating db9.dra
No match found for 'db9.dra' in the search path.
	ERROR: Failed to open drawing

Updating dio400.dra
No match found for 'dio400.dra' in the search path.
	ERROR: Failed to open drawing

Updating dio500.dra
No match found for 'dio500.dra' in the search path.
	ERROR: Failed to open drawing

Updating dip10_2.dra
No match found for 'dip10_2.dra' in the search path.
	ERROR: Failed to open drawing

Updating dip10_3.dra
No match found for 'dip10_3.dra' in the search path.
	ERROR: Failed to open drawing

Updating dip14_3.dra
No match found for 'dip14_3.dra' in the search path.
	ERROR: Failed to open drawing

Updating dip16_3.dra
No match found for 'dip16_3.dra' in the search path.
	ERROR: Failed to open drawing

Updating dip18_3.dra
No match found for 'dip18_3.dra' in the search path.
	ERROR: Failed to open drawing

Updating dip18_4.dra
No match found for 'dip18_4.dra' in the search path.
	ERROR: Failed to open drawing

Updating dip20.dra
No match found for 'dip20.dra' in the search path.
	ERROR: Failed to open drawing

Updating dip20_3.dra
No match found for 'dip20_3.dra' in the search path.
	ERROR: Failed to open drawing

Updating dip20_4.dra
No match found for 'dip20_4.dra' in the search path.
	ERROR: Failed to open drawing

Updating dip20_6.dra
No match found for 'dip20_6.dra' in the search path.
	ERROR: Failed to open drawing

Updating dip22_3.dra
No match found for 'dip22_3.dra' in the search path.
	ERROR: Failed to open drawing

Updating dip22_4.dra
No match found for 'dip22_4.dra' in the search path.
	ERROR: Failed to open drawing

Updating dip22_6.dra
No match found for 'dip22_6.dra' in the search path.
	ERROR: Failed to open drawing

Updating dip24_3.dra
No match found for 'dip24_3.dra' in the search path.
	ERROR: Failed to open drawing

Updating dip24_4.dra
No match found for 'dip24_4.dra' in the search path.
	ERROR: Failed to open drawing

Updating dip24_6.dra
No match found for 'dip24_6.dra' in the search path.
	ERROR: Failed to open drawing

Updating dip26_3.dra
No match found for 'dip26_3.dra' in the search path.
	ERROR: Failed to open drawing

Updating dip28.dra
No match found for 'dip28.dra' in the search path.
	ERROR: Failed to open drawing

Updating dip28_3.dra
No match found for 'dip28_3.dra' in the search path.
	ERROR: Failed to open drawing

Updating dip28_4.dra
No match found for 'dip28_4.dra' in the search path.
	ERROR: Failed to open drawing

Updating dip28_4_amd.dra
No match found for 'dip28_4_amd.dra' in the search path.
	ERROR: Failed to open drawing

Updating dip28_6.dra
No match found for 'dip28_6.dra' in the search path.
	ERROR: Failed to open drawing

Updating dip32_3.dra
No match found for 'dip32_3.dra' in the search path.
	ERROR: Failed to open drawing

Updating dip32_6.dra
No match found for 'dip32_6.dra' in the search path.
	ERROR: Failed to open drawing

Updating dip36_6.dra
No match found for 'dip36_6.dra' in the search path.
	ERROR: Failed to open drawing

Updating dip40_6.dra
No match found for 'dip40_6.dra' in the search path.
	ERROR: Failed to open drawing

Updating dip42_6.dra
No match found for 'dip42_6.dra' in the search path.
	ERROR: Failed to open drawing

Updating dip48_6.dra
No match found for 'dip48_6.dra' in the search path.
	ERROR: Failed to open drawing

Updating dip4_3.dra
No match found for 'dip4_3.dra' in the search path.
	ERROR: Failed to open drawing

Updating dip52_6.dra
No match found for 'dip52_6.dra' in the search path.
	ERROR: Failed to open drawing

Updating dip52_9.dra
No match found for 'dip52_9.dra' in the search path.
	ERROR: Failed to open drawing

Updating dip58_6.dra
No match found for 'dip58_6.dra' in the search path.
	ERROR: Failed to open drawing

Updating dip64_3.dra
No match found for 'dip64_3.dra' in the search path.
	ERROR: Failed to open drawing

Updating dip64_6.dra
No match found for 'dip64_6.dra' in the search path.
	ERROR: Failed to open drawing

Updating dip64_9.dra
No match found for 'dip64_9.dra' in the search path.
	ERROR: Failed to open drawing

Updating dip68_6.dra
No match found for 'dip68_6.dra' in the search path.
	ERROR: Failed to open drawing

Updating dip6_3.dra
No match found for 'dip6_3.dra' in the search path.
	ERROR: Failed to open drawing

Updating dip8_3.dra
No match found for 'dip8_3.dra' in the search path.
	ERROR: Failed to open drawing

Updating dipcap.dra
No match found for 'dipcap.dra' in the search path.
	ERROR: Failed to open drawing

Updating dipswitch.dra
No match found for 'dipswitch.dra' in the search path.
	ERROR: Failed to open drawing

Updating do13.dra
No match found for 'do13.dra' in the search path.
	ERROR: Failed to open drawing

Updating do14.dra
No match found for 'do14.dra' in the search path.
	ERROR: Failed to open drawing

Updating do15.dra
No match found for 'do15.dra' in the search path.
	ERROR: Failed to open drawing

Updating do201aa.dra
No match found for 'do201aa.dra' in the search path.
	ERROR: Failed to open drawing

Updating do201ab.dra
No match found for 'do201ab.dra' in the search path.
	ERROR: Failed to open drawing

Updating do201ac.dra
No match found for 'do201ac.dra' in the search path.
	ERROR: Failed to open drawing

Updating do201ad.dra
No match found for 'do201ad.dra' in the search path.
	ERROR: Failed to open drawing

Updating do203aa.dra
No match found for 'do203aa.dra' in the search path.
	ERROR: Failed to open drawing

Updating do203ab.dra
No match found for 'do203ab.dra' in the search path.
	ERROR: Failed to open drawing

Updating do204aa.dra
No match found for 'do204aa.dra' in the search path.
	ERROR: Failed to open drawing

Updating do204ah.dra
No match found for 'do204ah.dra' in the search path.
	ERROR: Failed to open drawing

Updating do204ap.dra
No match found for 'do204ap.dra' in the search path.
	ERROR: Failed to open drawing

Updating do204ar.dra
No match found for 'do204ar.dra' in the search path.
	ERROR: Failed to open drawing

Updating do27a.dra
No match found for 'do27a.dra' in the search path.
	ERROR: Failed to open drawing

Updating do34.dra
No match found for 'do34.dra' in the search path.
	ERROR: Failed to open drawing

Updating do35.dra
No match found for 'do35.dra' in the search path.
	ERROR: Failed to open drawing

Updating do4.dra
No match found for 'do4.dra' in the search path.
	ERROR: Failed to open drawing

Updating do41.dra
No match found for 'do41.dra' in the search path.
	ERROR: Failed to open drawing

Updating do5.dra
No match found for 'do5.dra' in the search path.
	ERROR: Failed to open drawing

Updating do7.dra
No match found for 'do7.dra' in the search path.
	ERROR: Failed to open drawing

Updating dsize.dra
No match found for 'dsize.dra' in the search path.
	ERROR: Failed to open drawing

Updating esize.dra
No match found for 'esize.dra' in the search path.
	ERROR: Failed to open drawing

Updating eurocon.dra
No match found for 'eurocon.dra' in the search path.
	ERROR: Failed to open drawing

Updating eurod.dra
No match found for 'eurod.dra' in the search path.
	ERROR: Failed to open drawing

Updating euros.dra
No match found for 'euros.dra' in the search path.
	ERROR: Failed to open drawing

Updating flat14.dra
No match found for 'flat14.dra' in the search path.
	ERROR: Failed to open drawing

Updating flat16.dra
No match found for 'flat16.dra' in the search path.
	ERROR: Failed to open drawing

Updating flat18.dra
No match found for 'flat18.dra' in the search path.
	ERROR: Failed to open drawing

Updating flat20.dra
No match found for 'flat20.dra' in the search path.
	ERROR: Failed to open drawing

Updating flat24.dra
No match found for 'flat24.dra' in the search path.
	ERROR: Failed to open drawing

Updating flat28.dra
No match found for 'flat28.dra' in the search path.
	ERROR: Failed to open drawing

Updating flat48.dra
No match found for 'flat48.dra' in the search path.
	ERROR: Failed to open drawing

Updating flat56.dra
No match found for 'flat56.dra' in the search path.
	ERROR: Failed to open drawing

Updating flat64.dra
No match found for 'flat64.dra' in the search path.
	ERROR: Failed to open drawing

Updating gi_axial7b.dra
No match found for 'gi_axial7b.dra' in the search path.
	ERROR: Failed to open drawing

Updating gi_axial9.dra
No match found for 'gi_axial9.dra' in the search path.
	ERROR: Failed to open drawing

Updating gi_br1w.dra
No match found for 'gi_br1w.dra' in the search path.
	ERROR: Failed to open drawing

Updating hpac_100.dra
No match found for 'hpac_100.dra' in the search path.
	ERROR: Failed to open drawing

Updating ibm.dra
No match found for 'ibm.dra' in the search path.
	ERROR: Failed to open drawing

Updating ibmcon.dra
No match found for 'ibmcon.dra' in the search path.
	ERROR: Failed to open drawing

Updating jumper1.dra
No match found for 'jumper1.dra' in the search path.
	ERROR: Failed to open drawing

Updating jumper14.dra
No match found for 'jumper14.dra' in the search path.
	ERROR: Failed to open drawing

Updating jumper16.dra
No match found for 'jumper16.dra' in the search path.
	ERROR: Failed to open drawing

Updating jumper2.dra
No match found for 'jumper2.dra' in the search path.
	ERROR: Failed to open drawing

Updating jumper3.dra
No match found for 'jumper3.dra' in the search path.
	ERROR: Failed to open drawing

Updating jumper4.dra
No match found for 'jumper4.dra' in the search path.
	ERROR: Failed to open drawing

Updating jumper5.dra
No match found for 'jumper5.dra' in the search path.
	ERROR: Failed to open drawing

Updating jumper8.dra
No match found for 'jumper8.dra' in the search path.
	ERROR: Failed to open drawing

Updating lcc20.dra
No match found for 'lcc20.dra' in the search path.
	ERROR: Failed to open drawing

Updating lcc24.dra
No match found for 'lcc24.dra' in the search path.
	ERROR: Failed to open drawing

Updating lcc28.dra
No match found for 'lcc28.dra' in the search path.
	ERROR: Failed to open drawing

Updating lcc32.dra
No match found for 'lcc32.dra' in the search path.
	ERROR: Failed to open drawing

Updating lcc44.dra
No match found for 'lcc44.dra' in the search path.
	ERROR: Failed to open drawing

Updating lcc48.dra
No match found for 'lcc48.dra' in the search path.
	ERROR: Failed to open drawing

Updating lcc52.dra
No match found for 'lcc52.dra' in the search path.
	ERROR: Failed to open drawing

Updating lcc68.dra
No match found for 'lcc68.dra' in the search path.
	ERROR: Failed to open drawing

Updating lccs18.dra
No match found for 'lccs18.dra' in the search path.
	ERROR: Failed to open drawing

Updating lccs22.dra
No match found for 'lccs22.dra' in the search path.
	ERROR: Failed to open drawing

Updating lccs24.dra
No match found for 'lccs24.dra' in the search path.
	ERROR: Failed to open drawing

Updating lccs28.dra
No match found for 'lccs28.dra' in the search path.
	ERROR: Failed to open drawing

Updating lccs32.dra
No match found for 'lccs32.dra' in the search path.
	ERROR: Failed to open drawing

Updating mot145a.dra
No match found for 'mot145a.dra' in the search path.
	ERROR: Failed to open drawing

Updating mot17.dra
No match found for 'mot17.dra' in the search path.
	ERROR: Failed to open drawing

Updating mot193.dra
No match found for 'mot193.dra' in the search path.
	ERROR: Failed to open drawing

Updating mot194_01.dra
No match found for 'mot194_01.dra' in the search path.
	ERROR: Failed to open drawing

Updating mot194_04.dra
No match found for 'mot194_04.dra' in the search path.
	ERROR: Failed to open drawing

Updating mot211.dra
No match found for 'mot211.dra' in the search path.
	ERROR: Failed to open drawing

Updating mot221a.dra
No match found for 'mot221a.dra' in the search path.
	ERROR: Failed to open drawing

Updating mot244.dra
No match found for 'mot244.dra' in the search path.
	ERROR: Failed to open drawing

Updating mot303.dra
No match found for 'mot303.dra' in the search path.
	ERROR: Failed to open drawing

Updating mot305a.dra
No match found for 'mot305a.dra' in the search path.
	ERROR: Failed to open drawing

Updating mot309a_02.dra
No match found for 'mot309a_02.dra' in the search path.
	ERROR: Failed to open drawing

Updating mot309a_03.dra
No match found for 'mot309a_03.dra' in the search path.
	ERROR: Failed to open drawing

Updating mot317.dra
No match found for 'mot317.dra' in the search path.
	ERROR: Failed to open drawing

Updating mot317a.dra
No match found for 'mot317a.dra' in the search path.
	ERROR: Failed to open drawing

Updating mot332.dra
No match found for 'mot332.dra' in the search path.
	ERROR: Failed to open drawing

Updating mot332a.dra
No match found for 'mot332a.dra' in the search path.
	ERROR: Failed to open drawing

Updating mot339.dra
No match found for 'mot339.dra' in the search path.
	ERROR: Failed to open drawing

Updating mot357c.dra
No match found for 'mot357c.dra' in the search path.
	ERROR: Failed to open drawing

Updating mot361a.dra
No match found for 'mot361a.dra' in the search path.
	ERROR: Failed to open drawing

Updating mot60.dra
No match found for 'mot60.dra' in the search path.
	ERROR: Failed to open drawing

Updating mpak.dra
No match found for 'mpak.dra' in the search path.
	ERROR: Failed to open drawing

Updating mpak4.dra
No match found for 'mpak4.dra' in the search path.
	ERROR: Failed to open drawing

Updating mquad28.dra
No match found for 'mquad28.dra' in the search path.
	ERROR: Failed to open drawing

Updating mtg125.dra
No match found for 'mtg125.dra' in the search path.
	ERROR: Failed to open drawing

Updating mtg156.dra
No match found for 'mtg156.dra' in the search path.
	ERROR: Failed to open drawing

Updating mtg250.dra
No match found for 'mtg250.dra' in the search path.
	ERROR: Failed to open drawing

Updating multibus.dra
No match found for 'multibus.dra' in the search path.
	ERROR: Failed to open drawing

Updating multicon30.dra
No match found for 'multicon30.dra' in the search path.
	ERROR: Failed to open drawing

Updating multicon43.dra
No match found for 'multicon43.dra' in the search path.
	ERROR: Failed to open drawing

Updating natl_m.dra
No match found for 'natl_m.dra' in the search path.
	ERROR: Failed to open drawing

Updating nec_sp.dra
No match found for 'nec_sp.dra' in the search path.
	ERROR: Failed to open drawing

Updating ns_h02a.dra
No match found for 'ns_h02a.dra' in the search path.
	ERROR: Failed to open drawing

Updating pga100.dra
No match found for 'pga100.dra' in the search path.
	ERROR: Failed to open drawing

Updating pga101.dra
No match found for 'pga101.dra' in the search path.
	ERROR: Failed to open drawing

Updating pga108.dra
No match found for 'pga108.dra' in the search path.
	ERROR: Failed to open drawing

Updating pga108_bit.dra
No match found for 'pga108_bit.dra' in the search path.
	ERROR: Failed to open drawing

Updating pga120.dra
No match found for 'pga120.dra' in the search path.
	ERROR: Failed to open drawing

Updating pga124.dra
No match found for 'pga124.dra' in the search path.
	ERROR: Failed to open drawing

Updating pga125.dra
No match found for 'pga125.dra' in the search path.
	ERROR: Failed to open drawing

Updating pga132.dra
No match found for 'pga132.dra' in the search path.
	ERROR: Failed to open drawing

Updating pga132_ci.dra
No match found for 'pga132_ci.dra' in the search path.
	ERROR: Failed to open drawing

Updating pga132_x.dra
No match found for 'pga132_x.dra' in the search path.
	ERROR: Failed to open drawing

Updating pga133.dra
No match found for 'pga133.dra' in the search path.
	ERROR: Failed to open drawing

Updating pga144.dra
No match found for 'pga144.dra' in the search path.
	ERROR: Failed to open drawing

Updating pga145_amd.dra
No match found for 'pga145_amd.dra' in the search path.
	ERROR: Failed to open drawing

Updating pga156.dra
No match found for 'pga156.dra' in the search path.
	ERROR: Failed to open drawing

Updating pga156_x.dra
No match found for 'pga156_x.dra' in the search path.
	ERROR: Failed to open drawing

Updating pga156_x_ti.dra
No match found for 'pga156_x_ti.dra' in the search path.
	ERROR: Failed to open drawing

Updating pga168.dra
No match found for 'pga168.dra' in the search path.
	ERROR: Failed to open drawing

Updating pga169.dra
No match found for 'pga169.dra' in the search path.
	ERROR: Failed to open drawing

Updating pga172.dra
No match found for 'pga172.dra' in the search path.
	ERROR: Failed to open drawing

Updating pga175.dra
No match found for 'pga175.dra' in the search path.
	ERROR: Failed to open drawing

Updating pga176.dra
No match found for 'pga176.dra' in the search path.
	ERROR: Failed to open drawing

Updating pga179.dra
No match found for 'pga179.dra' in the search path.
	ERROR: Failed to open drawing

Updating pga68.dra
No match found for 'pga68.dra' in the search path.
	ERROR: Failed to open drawing

Updating pga68_sq.dra
No match found for 'pga68_sq.dra' in the search path.
	ERROR: Failed to open drawing

Updating pga69.dra
No match found for 'pga69.dra' in the search path.
	ERROR: Failed to open drawing

Updating pga84.dra
No match found for 'pga84.dra' in the search path.
	ERROR: Failed to open drawing

Updating pga84_sq.dra
No match found for 'pga84_sq.dra' in the search path.
	ERROR: Failed to open drawing

Updating plcc18.dra
No match found for 'plcc18.dra' in the search path.
	ERROR: Failed to open drawing

Updating plcc20.dra
No match found for 'plcc20.dra' in the search path.
	ERROR: Failed to open drawing

Updating plcc28.dra
No match found for 'plcc28.dra' in the search path.
	ERROR: Failed to open drawing

Updating plcc32.dra
No match found for 'plcc32.dra' in the search path.
	ERROR: Failed to open drawing

Updating plcc44.dra
No match found for 'plcc44.dra' in the search path.
	ERROR: Failed to open drawing

Updating plcc52.dra
No match found for 'plcc52.dra' in the search path.
	ERROR: Failed to open drawing

Updating plcc68.dra
No match found for 'plcc68.dra' in the search path.
	ERROR: Failed to open drawing

Updating plcc84.dra
No match found for 'plcc84.dra' in the search path.
	ERROR: Failed to open drawing

Updating pot.dra
No match found for 'pot.dra' in the search path.
	ERROR: Failed to open drawing

Updating pqfp100.dra
No match found for 'pqfp100.dra' in the search path.
	ERROR: Failed to open drawing

Updating pqfp100r.dra
No match found for 'pqfp100r.dra' in the search path.
	ERROR: Failed to open drawing

Updating pqfp120.dra
No match found for 'pqfp120.dra' in the search path.
	ERROR: Failed to open drawing

Updating pqfp132.dra
No match found for 'pqfp132.dra' in the search path.
	ERROR: Failed to open drawing

Updating pqfp160.dra
No match found for 'pqfp160.dra' in the search path.
	ERROR: Failed to open drawing

Updating pqfp164.dra
No match found for 'pqfp164.dra' in the search path.
	ERROR: Failed to open drawing

Updating pqfp196.dra
No match found for 'pqfp196.dra' in the search path.
	ERROR: Failed to open drawing

Updating pqfp208_cyp.dra
No match found for 'pqfp208_cyp.dra' in the search path.
	ERROR: Failed to open drawing

Updating pqfp44.dra
No match found for 'pqfp44.dra' in the search path.
	ERROR: Failed to open drawing

Updating pqfp52.dra
No match found for 'pqfp52.dra' in the search path.
	ERROR: Failed to open drawing

Updating pqfp64_ti.dra
No match found for 'pqfp64_ti.dra' in the search path.
	ERROR: Failed to open drawing

Updating pqfp74_nec.dra
No match found for 'pqfp74_nec.dra' in the search path.
	ERROR: Failed to open drawing

Updating pqfp80.dra
No match found for 'pqfp80.dra' in the search path.
	ERROR: Failed to open drawing

Updating pqfp80_ti.dra
No match found for 'pqfp80_ti.dra' in the search path.
	ERROR: Failed to open drawing

Updating quadflat24.dra
No match found for 'quadflat24.dra' in the search path.
	ERROR: Failed to open drawing

Updating r70.dra
No match found for 'r70.dra' in the search path.
	ERROR: Failed to open drawing

Updating res1000.dra
No match found for 'res1000.dra' in the search path.
	ERROR: Failed to open drawing

Updating res400.dra
No match found for 'res400.dra' in the search path.
	ERROR: Failed to open drawing

Updating res500.dra
No match found for 'res500.dra' in the search path.
	ERROR: Failed to open drawing

Updating res600.dra
No match found for 'res600.dra' in the search path.
	ERROR: Failed to open drawing

Updating res800.dra
No match found for 'res800.dra' in the search path.
	ERROR: Failed to open drawing

Updating resadj.dra
No match found for 'resadj.dra' in the search path.
	ERROR: Failed to open drawing

Updating sc59.dra
No match found for 'sc59.dra' in the search path.
	ERROR: Failed to open drawing

Updating sc70.dra
No match found for 'sc70.dra' in the search path.
	ERROR: Failed to open drawing

Updating sha_sot89.dra
No match found for 'sha_sot89.dra' in the search path.
	ERROR: Failed to open drawing

Updating sha_sot89msk.dra
No match found for 'sha_sot89msk.dra' in the search path.
	ERROR: Failed to open drawing

Updating sip10.dra
No match found for 'sip10.dra' in the search path.
	ERROR: Failed to open drawing

Updating sip12.dra
No match found for 'sip12.dra' in the search path.
	ERROR: Failed to open drawing

Updating sip30.dra
No match found for 'sip30.dra' in the search path.
	ERROR: Failed to open drawing

Updating sip6.dra
No match found for 'sip6.dra' in the search path.
	ERROR: Failed to open drawing

Updating sip8.dra
No match found for 'sip8.dra' in the search path.
	ERROR: Failed to open drawing

Updating smdcap.dra
No match found for 'smdcap.dra' in the search path.
	ERROR: Failed to open drawing

Updating smdres.dra
No match found for 'smdres.dra' in the search path.
	ERROR: Failed to open drawing

Updating sod57.dra
No match found for 'sod57.dra' in the search path.
	ERROR: Failed to open drawing

Updating sod80.dra
No match found for 'sod80.dra' in the search path.
	ERROR: Failed to open drawing

Updating sod81.dra
No match found for 'sod81.dra' in the search path.
	ERROR: Failed to open drawing

Updating sod87.dra
No match found for 'sod87.dra' in the search path.
	ERROR: Failed to open drawing

Updating soic14.dra
No match found for 'soic14.dra' in the search path.
	ERROR: Failed to open drawing

Updating soic16.dra
No match found for 'soic16.dra' in the search path.
	ERROR: Failed to open drawing

Updating soic16w.dra
No match found for 'soic16w.dra' in the search path.
	ERROR: Failed to open drawing

Updating soic20.dra
No match found for 'soic20.dra' in the search path.
	ERROR: Failed to open drawing

Updating soic20w.dra
No match found for 'soic20w.dra' in the search path.
	ERROR: Failed to open drawing

Updating soic24.dra
No match found for 'soic24.dra' in the search path.
	ERROR: Failed to open drawing

Updating soic24w.dra
No match found for 'soic24w.dra' in the search path.
	ERROR: Failed to open drawing

Updating soic28.dra
No match found for 'soic28.dra' in the search path.
	ERROR: Failed to open drawing

Updating soic28w.dra
No match found for 'soic28w.dra' in the search path.
	ERROR: Failed to open drawing

Updating soic32w.dra
No match found for 'soic32w.dra' in the search path.
	ERROR: Failed to open drawing

Updating soic48w.dra
No match found for 'soic48w.dra' in the search path.
	ERROR: Failed to open drawing

Updating soic56w.dra
No match found for 'soic56w.dra' in the search path.
	ERROR: Failed to open drawing

Updating soic8.dra
No match found for 'soic8.dra' in the search path.
	ERROR: Failed to open drawing

Updating soj20.dra
No match found for 'soj20.dra' in the search path.
	ERROR: Failed to open drawing

Updating soj24.dra
No match found for 'soj24.dra' in the search path.
	ERROR: Failed to open drawing

Updating soj26.dra
No match found for 'soj26.dra' in the search path.
	ERROR: Failed to open drawing

Updating soj26_20.dra
No match found for 'soj26_20.dra' in the search path.
	ERROR: Failed to open drawing

Updating soj26_24.dra
No match found for 'soj26_24.dra' in the search path.
	ERROR: Failed to open drawing

Updating soj26_26.dra
No match found for 'soj26_26.dra' in the search path.
	ERROR: Failed to open drawing

Updating soj26w.dra
No match found for 'soj26w.dra' in the search path.
	ERROR: Failed to open drawing

Updating soj28.dra
No match found for 'soj28.dra' in the search path.
	ERROR: Failed to open drawing

Updating soj32.dra
No match found for 'soj32.dra' in the search path.
	ERROR: Failed to open drawing

Updating soj36.dra
No match found for 'soj36.dra' in the search path.
	ERROR: Failed to open drawing

Updating soj40.dra
No match found for 'soj40.dra' in the search path.
	ERROR: Failed to open drawing

Updating soj42.dra
No match found for 'soj42.dra' in the search path.
	ERROR: Failed to open drawing

Updating sol16.dra
No match found for 'sol16.dra' in the search path.
	ERROR: Failed to open drawing

Updating sol20.dra
No match found for 'sol20.dra' in the search path.
	ERROR: Failed to open drawing

Updating sop24.dra
No match found for 'sop24.dra' in the search path.
	ERROR: Failed to open drawing

Updating sop44.dra
No match found for 'sop44.dra' in the search path.
	ERROR: Failed to open drawing

Updating sot121.dra
No match found for 'sot121.dra' in the search path.
	ERROR: Failed to open drawing

Updating sot123.dra
No match found for 'sot123.dra' in the search path.
	ERROR: Failed to open drawing

Updating sot143.dra
No match found for 'sot143.dra' in the search path.
	ERROR: Failed to open drawing

Updating sot23.dra
No match found for 'sot23.dra' in the search path.
	ERROR: Failed to open drawing

Updating sot89.dra
No match found for 'sot89.dra' in the search path.
	ERROR: Failed to open drawing

Updating spak.dra
No match found for 'spak.dra' in the search path.
	ERROR: Failed to open drawing

Updating spga325.dra
No match found for 'spga325.dra' in the search path.
	ERROR: Failed to open drawing

Updating ssop14.dra
No match found for 'ssop14.dra' in the search path.
	ERROR: Failed to open drawing

Updating ssop16.dra
No match found for 'ssop16.dra' in the search path.
	ERROR: Failed to open drawing

Updating ssop20.dra
No match found for 'ssop20.dra' in the search path.
	ERROR: Failed to open drawing

Updating ssop24.dra
No match found for 'ssop24.dra' in the search path.
	ERROR: Failed to open drawing

Updating ssop56.dra
No match found for 'ssop56.dra' in the search path.
	ERROR: Failed to open drawing

Updating switch.dra
No match found for 'switch.dra' in the search path.
	ERROR: Failed to open drawing

Updating target.dra
No match found for 'target.dra' in the search path.
	ERROR: Failed to open drawing

Updating to107.dra
No match found for 'to107.dra' in the search path.
	ERROR: Failed to open drawing

Updating to117.dra
No match found for 'to117.dra' in the search path.
	ERROR: Failed to open drawing

Updating to12.dra
No match found for 'to12.dra' in the search path.
	ERROR: Failed to open drawing

Updating to126.dra
No match found for 'to126.dra' in the search path.
	ERROR: Failed to open drawing

Updating to126h.dra
No match found for 'to126h.dra' in the search path.
	ERROR: Failed to open drawing

Updating to126v.dra
No match found for 'to126v.dra' in the search path.
	ERROR: Failed to open drawing

Updating to127.dra
No match found for 'to127.dra' in the search path.
	ERROR: Failed to open drawing

Updating to18.dra
No match found for 'to18.dra' in the search path.
	ERROR: Failed to open drawing

Updating to204aa.dra
No match found for 'to204aa.dra' in the search path.
	ERROR: Failed to open drawing

Updating to204ad.dra
No match found for 'to204ad.dra' in the search path.
	ERROR: Failed to open drawing

Updating to204ae.dra
No match found for 'to204ae.dra' in the search path.
	ERROR: Failed to open drawing

Updating to205af.dra
No match found for 'to205af.dra' in the search path.
	ERROR: Failed to open drawing

Updating to209ac.dra
No match found for 'to209ac.dra' in the search path.
	ERROR: Failed to open drawing

Updating to213aa.dra
No match found for 'to213aa.dra' in the search path.
	ERROR: Failed to open drawing

Updating to218aa.dra
No match found for 'to218aa.dra' in the search path.
	ERROR: Failed to open drawing

Updating to218ac.dra
No match found for 'to218ac.dra' in the search path.
	ERROR: Failed to open drawing

Updating to220aa.dra
No match found for 'to220aa.dra' in the search path.
	ERROR: Failed to open drawing

Updating to220ab.dra
No match found for 'to220ab.dra' in the search path.
	ERROR: Failed to open drawing

Updating to220abh.dra
No match found for 'to220abh.dra' in the search path.
	ERROR: Failed to open drawing

Updating to220abv.dra
No match found for 'to220abv.dra' in the search path.
	ERROR: Failed to open drawing

Updating to220ac.dra
No match found for 'to220ac.dra' in the search path.
	ERROR: Failed to open drawing

Updating to220h.dra
No match found for 'to220h.dra' in the search path.
	ERROR: Failed to open drawing

Updating to220v.dra
No match found for 'to220v.dra' in the search path.
	ERROR: Failed to open drawing

Updating to225aa.dra
No match found for 'to225aa.dra' in the search path.
	ERROR: Failed to open drawing

Updating to236.dra
No match found for 'to236.dra' in the search path.
	ERROR: Failed to open drawing

Updating to236aa.dra
No match found for 'to236aa.dra' in the search path.
	ERROR: Failed to open drawing

Updating to236ab.dra
No match found for 'to236ab.dra' in the search path.
	ERROR: Failed to open drawing

Updating to237.dra
No match found for 'to237.dra' in the search path.
	ERROR: Failed to open drawing

Updating to247ac.dra
No match found for 'to247ac.dra' in the search path.
	ERROR: Failed to open drawing

Updating to247ae.dra
No match found for 'to247ae.dra' in the search path.
	ERROR: Failed to open drawing

Updating to250aa.dra
No match found for 'to250aa.dra' in the search path.
	ERROR: Failed to open drawing

Updating to251aa.dra
No match found for 'to251aa.dra' in the search path.
	ERROR: Failed to open drawing

Updating to252aa.dra
No match found for 'to252aa.dra' in the search path.
	ERROR: Failed to open drawing

Updating to254aa.dra
No match found for 'to254aa.dra' in the search path.
	ERROR: Failed to open drawing

Updating to3.dra
No match found for 'to3.dra' in the search path.
	ERROR: Failed to open drawing

Updating to39.dra
No match found for 'to39.dra' in the search path.
	ERROR: Failed to open drawing

Updating to46.dra
No match found for 'to46.dra' in the search path.
	ERROR: Failed to open drawing

Updating to48.dra
No match found for 'to48.dra' in the search path.
	ERROR: Failed to open drawing

Updating to5.dra
No match found for 'to5.dra' in the search path.
	ERROR: Failed to open drawing

Updating to52.dra
No match found for 'to52.dra' in the search path.
	ERROR: Failed to open drawing

Updating to59.dra
No match found for 'to59.dra' in the search path.
	ERROR: Failed to open drawing

Updating to64.dra
No match found for 'to64.dra' in the search path.
	ERROR: Failed to open drawing

Updating to66.dra
No match found for 'to66.dra' in the search path.
	ERROR: Failed to open drawing

Updating to72.dra
No match found for 'to72.dra' in the search path.
	ERROR: Failed to open drawing

Updating to77.dra
No match found for 'to77.dra' in the search path.
	ERROR: Failed to open drawing

Updating to78.dra
No match found for 'to78.dra' in the search path.
	ERROR: Failed to open drawing

Updating to89.dra
No match found for 'to89.dra' in the search path.
	ERROR: Failed to open drawing

Updating to92.dra
No match found for 'to92.dra' in the search path.
	ERROR: Failed to open drawing

Updating to92var.dra
No match found for 'to92var.dra' in the search path.
	ERROR: Failed to open drawing

Updating tosh_2_8h1a.dra
No match found for 'tosh_2_8h1a.dra' in the search path.
	ERROR: Failed to open drawing

Updating tp.dra
No match found for 'tp.dra' in the search path.
	ERROR: Failed to open drawing

Updating tqfp100.dra
No match found for 'tqfp100.dra' in the search path.
	ERROR: Failed to open drawing

Updating tqfp32.dra
No match found for 'tqfp32.dra' in the search path.
	ERROR: Failed to open drawing

Updating tr30_20.dra
No match found for 'tr30_20.dra' in the search path.
	ERROR: Failed to open drawing

Updating tsop26_24.dra
No match found for 'tsop26_24.dra' in the search path.
	ERROR: Failed to open drawing

Updating tsop26_3.dra
No match found for 'tsop26_3.dra' in the search path.
	ERROR: Failed to open drawing

Updating tsop28_4.dra
No match found for 'tsop28_4.dra' in the search path.
	ERROR: Failed to open drawing

Updating tsop28f_tos.dra
No match found for 'tsop28f_tos.dra' in the search path.
	ERROR: Failed to open drawing

Updating tsop28r_tos.dra
No match found for 'tsop28r_tos.dra' in the search path.
	ERROR: Failed to open drawing

Updating tsop32_4.dra
No match found for 'tsop32_4.dra' in the search path.
	ERROR: Failed to open drawing

Updating tsop32_8.dra
No match found for 'tsop32_8.dra' in the search path.
	ERROR: Failed to open drawing

Updating tsop40_4.dra
No match found for 'tsop40_4.dra' in the search path.
	ERROR: Failed to open drawing

Updating tsop50_4.dra
No match found for 'tsop50_4.dra' in the search path.
	ERROR: Failed to open drawing

Updating tssop14.dra
No match found for 'tssop14.dra' in the search path.
	ERROR: Failed to open drawing

Updating tssop16.dra
No match found for 'tssop16.dra' in the search path.
	ERROR: Failed to open drawing

Updating tssop20.dra
No match found for 'tssop20.dra' in the search path.
	ERROR: Failed to open drawing

Updating tssop24.dra
No match found for 'tssop24.dra' in the search path.
	ERROR: Failed to open drawing

Updating unit_body_a.dra
No match found for 'unit_body_a.dra' in the search path.
	ERROR: Failed to open drawing

Updating unit_body_b.dra
No match found for 'unit_body_b.dra' in the search path.
	ERROR: Failed to open drawing

Updating usrdef_1.dra
No match found for 'usrdef_1.dra' in the search path.
	ERROR: Failed to open drawing

Updating usrdef_2.dra
No match found for 'usrdef_2.dra' in the search path.
	ERROR: Failed to open drawing

Updating usrdef_3.dra
No match found for 'usrdef_3.dra' in the search path.
	ERROR: Failed to open drawing

Updating usrdef_4.dra
No match found for 'usrdef_4.dra' in the search path.
	ERROR: Failed to open drawing

Updating usrdef_5.dra
No match found for 'usrdef_5.dra' in the search path.
	ERROR: Failed to open drawing

Updating usrdef_6.dra
No match found for 'usrdef_6.dra' in the search path.
	ERROR: Failed to open drawing

Updating usrdef_7.dra
No match found for 'usrdef_7.dra' in the search path.
	ERROR: Failed to open drawing

Updating usrdef_8.dra
No match found for 'usrdef_8.dra' in the search path.
	ERROR: Failed to open drawing

Updating vqfp100.dra
No match found for 'vqfp100.dra' in the search path.
	ERROR: Failed to open drawing

Updating x2y_0603.dra
No match found for 'x2y_0603.dra' in the search path.
	ERROR: Failed to open drawing

Updating zip16.dra
No match found for 'zip16.dra' in the search path.
	ERROR: Failed to open drawing

Updating zip20.dra
No match found for 'zip20.dra' in the search path.
	ERROR: Failed to open drawing

Updating zip24.dra
No match found for 'zip24.dra' in the search path.
	ERROR: Failed to open drawing

Updating zip28.dra
No match found for 'zip28.dra' in the search path.
	ERROR: Failed to open drawing

Updating zip40.dra
No match found for 'zip40.dra' in the search path.
	ERROR: Failed to open drawing

Updating zip60_mot.dra
No match found for 'zip60_mot.dra' in the search path.
	ERROR: Failed to open drawing

Updating zip64_mot.dra
No match found for 'zip64_mot.dra' in the search path.
	ERROR: Failed to open drawing
