UPREV LOG FILE
    Starting Directory: D:/pdvwinkits/share/pcb/pcb_lib/symbols
    Starting Time:      Wed Jan 04 11:02:43 2012


         0603rf_wv_12d.dra success.
         0603rf_wv_12d.psm success.
         0805rf_wv_12d.dra success.
         0805rf_wv_12d.psm success.
         1206rf_wv_12d.dra success.
         1206rf_wv_12d.psm success.
         1210rf_wv_12d.dra success.
         1210rf_wv_12d.psm success.
         40x30.pad success.
         60c85c35d.pad success.
         60s85c35d.pad success.
         60x100.pad success.
         60x50.pad success.
         60x60.pad success.
         ab00.dra success.
         ab00.fsm success.
         ab85.dra success.
         ab85.fsm success.
         asizeh.dra success.
         asizeh.osm success.
         asizev.dra success.
         asizev.osm success.
         at_35ux.dra success.
         at_35ux.psm success.
         bgapad.pad success.
         bondpad_wbd.pad success.
         bondpad_wbu.pad success.
         bsize.dra success.
         bsize.osm success.
         cap1000.dra success.
         cap1000.psm success.
         cap1500.dra success.
         cap1500.psm success.
         cap196.dra success.
         cap196.psm success.
         cap300.dra success.
         cap300.psm success.
         cap400.dra success.
         cap400.psm success.
         cap600.dra success.
         cap600.psm success.
         capck05.dra success.
         capck05.psm success.
         capck06.dra success.
         capck06.psm success.
         capck60.dra success.
         capck60.psm success.
         capck62.dra success.
         capck62.psm success.
         capp2_pad1.psm success.
         capp2_pad1_pad1.pad success.
         capp2_pad1_pad2.pad success.
         capp2_space.psm success.
         case17-02.dra success.
         case17-02.psm success.
         cb298.dra success.
         cb298.psm success.
         cb417.dra success.
         cb417.psm success.
         ck12-10pf.dra success.
         ck12-10pf.psm success.
         ck13-10pf.dra success.
         ck13-10pf.psm success.
         ck14-10pf.dra success.
         ck14-10pf.psm success.
         ck15-10pf.dra success.
         ck15-10pf.psm success.
         ck16-10pf.dra success.
         ck16-10pf.psm success.
         ck17-10pf.dra success.
         ck17-10pf.psm success.
         clcc28.dra success.
         clcc28.psm success.
         clcc344.dra success.
         clcc344.psm success.
         clcc44.dra success.
         clcc44.psm success.
         clcc68.dra success.
         clcc68.psm success.
         clcc84.dra success.
         clcc84.psm success.
         conn10.dra success.
         conn10.psm success.
         conn20.dra success.
         conn20.psm success.
         conn26.dra success.
         conn26.psm success.
         conn50.dra success.
         conn50.psm success.
         conn6.dra success.
         conn6.psm success.
         conn9.dra success.
         conn9.psm success.
         cpga100_x.dra success.
         cpga100_x.psm success.
         cpga132.dra success.
         cpga132.psm success.
         cpga160_x.dra success.
         cpga160_x.psm success.
         cpga175.dra success.
         cpga175.psm success.
         cpga191_x.dra success.
         cpga191_x.psm success.
         cpga192_x.dra success.
         cpga192_x.psm success.
         cpga207.dra success.
         cpga207.psm success.
         cpga208.dra success.
         cpga208.psm success.
         cpga262.dra success.
         cpga262.psm success.
         cpga68.dra success.
         cpga68.psm success.
         cpga69.dra success.
         cpga69.psm success.
         cpga84_x.dra success.
         cpga84_x.psm success.
         cpga85_x.dra success.
         cpga85_x.psm success.
         cq_pad1_pad1.pad success.
         cq_pad1_pad2.pad success.
         cqfp100.dra success.
         cqfp100.psm success.
         cqfp132.dra success.
         cqfp132.psm success.
         cqfp164.dra success.
         cqfp164.psm success.
         cqfp208_alt.dra success.
         cqfp208_alt.psm success.
         cqfp44_amd.dra success.
         cqfp44_amd.psm success.
         cqfp64_idt.dra success.
         cqfp64_idt.psm success.
         cqfp68.dra success.
         cqfp68.psm success.
         cqfp68_l.dra success.
         cqfp68_l.psm success.
         cqfp84.dra success.
         cqfp84.psm success.
         crys11mhz.dra success.
         crys11mhz.psm success.
         crys14.dra success.
         crys14.psm success.
         csize.dra success.
         csize.osm success.
         cy10.dra success.
         cy10.psm success.
         cy15.dra success.
         cy15.psm success.
         cy20.dra success.
         cy20.psm success.
         db15.dra success.
         db15.psm success.
         db25.dra success.
         db25.psm success.
         db9.dra success.
         db9.psm success.
         diepad_fcd.pad success.
         diepad_fcu.pad success.
         diepad_wb.pad success.
         dio400.dra success.
         dio400.psm success.
         dio500.dra success.
         dio500.psm success.
         dip10_2.dra success.
         dip10_2.psm success.
         dip10_3.dra success.
         dip10_3.psm success.
         dip14_3.dra success.
         dip14_3.psm success.
         dip16_3.dra success.
         dip16_3.psm success.
         dip18_3.dra success.
         dip18_3.psm success.
         dip18_4.dra success.
         dip18_4.psm success.
         dip20.dra success.
         dip20.psm success.
         dip20_3.dra success.
         dip20_3.psm success.
         dip20_4.dra success.
         dip20_4.psm success.
         dip20_6.dra success.
         dip20_6.psm success.
         dip22_3.dra success.
         dip22_3.psm success.
         dip22_4.dra success.
         dip22_4.psm success.
         dip22_6.dra success.
         dip22_6.psm success.
         dip24_3.dra success.
         dip24_3.psm success.
         dip24_4.dra success.
         dip24_4.psm success.
         dip24_6.dra success.
         dip24_6.psm success.
         dip26_3.dra success.
         dip26_3.psm success.
         dip28.dra success.
         dip28.psm success.
         dip28_3.dra success.
         dip28_3.psm success.
         dip28_4.dra success.
         dip28_4.psm success.
         dip28_4_amd.dra success.
         dip28_4_amd.psm success.
         dip28_6.dra success.
         dip28_6.psm success.
         dip32_3.dra success.
         dip32_3.psm success.
         dip32_6.dra success.
         dip32_6.psm success.
         dip36_6.dra success.
         dip36_6.psm success.
         dip40_6.dra success.
         dip40_6.psm success.
         dip42_6.dra success.
         dip42_6.psm success.
         dip48_6.dra success.
         dip48_6.psm success.
         dip4_3.dra success.
         dip4_3.psm success.
         dip52_6.dra success.
         dip52_6.psm success.
         dip52_9.dra success.
         dip52_9.psm success.
         dip58_6.dra success.
         dip58_6.psm success.
         dip64_3.dra success.
         dip64_3.psm success.
         dip64_6.dra success.
         dip64_6.psm success.
         dip64_9.dra success.
         dip64_9.psm success.
         dip68_6.dra success.
         dip68_6.psm success.
         dip6_3.dra success.
         dip6_3.psm success.
         dip8_3.dra success.
         dip8_3.psm success.
         dipcap.dra success.
         dipcap.psm success.
         dipswitch.dra success.
         dipswitch.psm success.
         do13.dra success.
         do13.psm success.
         do14.dra success.
         do14.psm success.
         do15.dra success.
         do15.psm success.
         do201aa.dra success.
         do201aa.psm success.
         do201ab.dra success.
         do201ab.psm success.
         do201ac.dra success.
         do201ac.psm success.
         do201ad.dra success.
         do201ad.psm success.
         do203aa.dra success.
         do203aa.psm success.
         do203ab.dra success.
         do203ab.psm success.
         do204aa.dra success.
         do204aa.psm success.
         do204ah.dra success.
         do204ah.psm success.
         do204ap.dra success.
         do204ap.psm success.
         do204ar.dra success.
         do204ar.psm success.
         do27a.dra success.
         do27a.psm success.
         do34.dra success.
         do34.psm success.
         do35.dra success.
         do35.psm success.
         do4.dra success.
         do4.psm success.
         do41.dra success.
         do41.psm success.
         do5.dra success.
         do5.psm success.
         do7.dra success.
         do7.psm success.
         dsize.dra success.
         dsize.osm success.
         esize.dra success.
         esize.osm success.
         euroa.pad success.
         eurocon.dra success.
         eurocon.psm success.
         eurod.bsm success.
         eurod.dra success.
         euroe.pad success.
         euros.bsm success.
         euros.dra success.
         flat14.dra success.
         flat14.psm success.
         flat16.dra success.
         flat16.psm success.
         flat18.dra success.
         flat18.psm success.
         flat20.dra success.
         flat20.psm success.
         flat24.dra success.
         flat24.psm success.
         flat28.dra success.
         flat28.psm success.
         flat48.dra success.
         flat48.psm success.
         flat56.dra success.
         flat56.psm success.
         flat64.dra success.
         flat64.psm success.
         gi_axial7b.dra success.
         gi_axial7b.psm success.
         gi_axial9.dra success.
         gi_axial9.psm success.
         gi_br1w.dra success.
         gi_br1w.psm success.
         hole106p.pad success.
         hole109p.pad success.
         hole109u.pad success.
         hole120.pad success.
         hole130p.pad success.
         hole135.pad success.
         hole145.pad success.
         hole150.pad success.
         hole160.pad success.
         hole165.pad success.
         hole170.pad success.
         hole180.pad success.
         hole190.pad success.
         hole210.pad success.
         hole230.pad success.
         hole265.pad success.
         hole280.pad success.
         hole285.pad success.
         hole540.pad success.
         hole800.pad success.
         hpac_100.dra success.
         hpac_100.psm success.
         ibm.bsm success.
         ibm.dra success.
         ibm.pad success.
         ibmcon.dra success.
         ibmcon.psm success.
         jumper1.dra success.
         jumper1.psm success.
         jumper14.dra success.
         jumper14.psm success.
         jumper16.dra success.
         jumper16.psm success.
         jumper2.dra success.
         jumper2.psm success.
         jumper3.dra success.
         jumper3.psm success.
         jumper4.dra success.
         jumper4.psm success.
         jumper5.dra success.
         jumper5.psm success.
         jumper8.dra success.
         jumper8.psm success.
         lcc20.dra success.
         lcc20.psm success.
         lcc24.dra success.
         lcc24.psm success.
         lcc28.dra success.
         lcc28.psm success.
         lcc32.dra success.
         lcc32.psm success.
         lcc44.dra success.
         lcc44.psm success.
         lcc48.dra success.
         lcc48.psm success.
         lcc52.dra success.
         lcc52.psm success.
         lcc68.dra success.
         lcc68.psm success.
         lccs18.dra success.
         lccs18.psm success.
         lccs22.dra success.
         lccs22.psm success.
         lccs24.dra success.
         lccs24.psm success.
         lccs28.dra success.
         lccs28.psm success.
         lccs32.dra success.
         lccs32.psm success.
         lq_pad1_pad1.pad success.
         lq_pad1_pad2.pad success.
         mot145a.dra success.
         mot145a.psm success.
         mot17.dra success.
         mot17.psm success.
         mot193.dra success.
         mot193.psm success.
         mot194_01.dra success.
         mot194_01.psm success.
         mot194_04.dra success.
         mot194_04.psm success.
         mot211.dra success.
         mot211.psm success.
         mot221a.dra success.
         mot221a.psm success.
         mot244.dra success.
         mot244.psm success.
         mot303.dra success.
         mot303.psm success.
         mot305a.dra success.
         mot305a.psm success.
         mot309a_02.dra success.
         mot309a_02.psm success.
         mot309a_03.dra success.
         mot309a_03.psm success.
         mot317.dra success.
         mot317.psm success.
         mot317a.dra success.
         mot317a.psm success.
         mot332.dra success.
         mot332.psm success.
         mot332a.dra success.
         mot332a.psm success.
         mot339.dra success.
         mot339.psm success.
         mot357c.dra success.
         mot357c.psm success.
         mot361a.dra success.
         mot361a.psm success.
         mot60.dra success.
         mot60.psm success.
         mpak.dra success.
         mpak.psm success.
         mpak4.dra success.
         mpak4.psm success.
         mquad28.dra success.
         mquad28.psm success.
         mtg125.bsm success.
         mtg125.dra success.
         mtg156.bsm success.
         mtg156.dra success.
         mtg250.bsm success.
         mtg250.dra success.
         multi30b.pad success.
         multi30t.pad success.
         multi43b.pad success.
         multi43t.pad success.
         multibus.bsm success.
         multibus.dra success.
         multicon30.dra success.
         multicon30.psm success.
         multicon43.dra success.
         multicon43.psm success.
         natl_m.dra success.
         natl_m.psm success.
         nec_sp.dra success.
         nec_sp.psm success.
         ns_h02a.dra success.
         ns_h02a.psm success.
         pad100cir62d.pad success.
         pad100cir79d.pad success.
         pad100cir84d.pad success.
         pad100sq62d.pad success.
         pad120cir62d.pad success.
         pad125.pad success.
         pad125cir63d.pad success.
         pad150cir63d.pad success.
         pad156.pad success.
         pad170h.pad success.
         pad250.pad success.
         pad262rec35.pad success.
         pad30cir20d.pad success.
         pad31cir21d.pad success.
         pad35cir21d.pad success.
         pad35cir25d.pad success.
         pad40cir25d.pad success.
         pad40cir28d.pad success.
         pad40cir33d.pad success.
         pad424cir170d.pad success.
         pad43cir33d.pad success.
         pad44cir33.pad success.
         pad44cir34d.pad success.
         pad45cir22d.pad success.
         pad45cir30d.pad success.
         pad50cir30d.pad success.
         pad50cir32d.pad success.
         pad50sq30d.pad success.
         pad50sq32d.pad success.
         pad55cir25.pad success.
         pad55cir25d.pad success.
         pad55scir25d.pad success.
         pad55sq25d.pad success.
         pad60cir35.pad success.
         pad60cir35d.pad success.
         pad60cir36d.pad success.
         pad60cir38d.pad success.
         pad60cir42d.pad success.
         pad60sq36d.pad success.
         pad62cir32d.pad success.
         pad62sq32d.pad success.
         pad62sq37d.pad success.
         pad65cir35d.pad success.
         pad65cir37d.pad success.
         pad65cir41d.pad success.
         pad65cir42d.pad success.
         pad65cir43d.pad success.
         pad65sq35d.pad success.
         pad65sq37d.pad success.
         pad667cir227d.pad success.
         pad70cir45d.pad success.
         pad70cir60d.pad success.
         pad70sq45d.pad success.
         pad75cir38d.pad success.
         pad75cir45d.pad success.
         pad75cir49d.pad success.
         pad75cir51d.pad success.
         pad75sq49d.pad success.
         pad80cir50d.pad success.
         pad80cir55d.pad success.
         pad80cir65d.pad success.
         pad90cir70d.pad success.
         pad93cir51d.pad success.
         pad93cir52d.pad success.
         pad93cir53d.pad success.
         pad93cir56d.pad success.
         pad93cir58d.pad success.
         pga.pad success.
         pga100.dra success.
         pga100.psm success.
         pga101.dra success.
         pga101.psm success.
         pga108.dra success.
         pga108.psm success.
         pga108_bit.dra success.
         pga108_bit.psm success.
         pga120.dra success.
         pga120.psm success.
         pga124.dra success.
         pga124.psm success.
         pga125.dra success.
         pga125.psm success.
         pga132.dra success.
         pga132.psm success.
         pga132_ci.dra success.
         pga132_ci.psm success.
         pga132_x.dra success.
         pga132_x.psm success.
         pga133.dra success.
         pga133.psm success.
         pga144.dra success.
         pga144.psm success.
         pga145_amd.dra success.
         pga145_amd.psm success.
         pga156.dra success.
         pga156.psm success.
         pga156_x.dra success.
         pga156_x.psm success.
         pga156_x_ti.dra success.
         pga156_x_ti.psm success.
         pga168.dra success.
         pga168.psm success.
         pga169.dra success.
         pga169.psm success.
         pga172.dra success.
         pga172.psm success.
         pga175.dra success.
         pga175.psm success.
         pga176.dra success.
         pga176.psm success.
         pga179.dra success.
         pga179.psm success.
         pga68.dra success.
         pga68.psm success.
         pga68_sq.dra success.
         pga68_sq.psm success.
         pga69.dra success.
         pga69.psm success.
         pga84.dra success.
         pga84.psm success.
         pga84_sq.dra success.
         pga84_sq.psm success.
         pga_sq.pad success.
         plcc18.dra success.
         plcc18.psm success.
         plcc20.dra success.
         plcc20.psm success.
         plcc28.dra success.
         plcc28.psm success.
         plcc32.dra success.
         plcc32.psm success.
         plcc44.dra success.
         plcc44.psm success.
         plcc52.dra success.
         plcc52.psm success.
         plcc68.dra success.
         plcc68.psm success.
         plcc84.dra success.
         plcc84.psm success.
         pot.dra success.
         pot.psm success.
         pqfp100.dra success.
         pqfp100.psm success.
         pqfp100r.dra success.
         pqfp100r.psm success.
         pqfp120.dra success.
         pqfp120.psm success.
         pqfp132.dra success.
         pqfp132.psm success.
         pqfp160.dra success.
         pqfp160.psm success.
         pqfp164.dra success.
         pqfp164.psm success.
         pqfp196.dra success.
         pqfp196.psm success.
         pqfp208_cyp.dra success.
         pqfp208_cyp.psm success.
         pqfp44.dra success.
         pqfp44.psm success.
         pqfp52.dra success.
         pqfp52.psm success.
         pqfp64_ti.dra success.
         pqfp64_ti.psm success.
         pqfp74_nec.dra success.
         pqfp74_nec.psm success.
         pqfp80.dra success.
         pqfp80.psm success.
         pqfp80_ti.dra success.
         pqfp80_ti.psm success.
         quadflat24.dra success.
         quadflat24.psm success.
         r70.dra success.
         r70.psm success.
         res1000.dra success.
         res1000.psm success.
         res400.dra success.
         res400.psm success.
         res500.dra success.
         res500.psm success.
         res600.dra success.
         res600.psm success.
         res800.dra success.
         res800.psm success.
         resadj.dra success.
         resadj.psm success.
         sc59.dra success.
         sc59.psm success.
         sc70.dra success.
         sc70.psm success.
         sha_sot89.dra success.
         sha_sot89.ssm success.
         sha_sot89msk.dra success.
         sha_sot89msk.ssm success.
    1: Descending directory:      [ signoise.run ]
    2: Descending directory:      [ case1 ]
    2: returning
    1: returning
         sip10.dra success.
         sip10.psm success.
         sip12.dra success.
         sip12.psm success.
         sip30.dra success.
         sip30.psm success.
         sip6.dra success.
         sip6.psm success.
         sip8.dra success.
         sip8.psm success.
         smd110rec19.pad success.
         smd110rec23.pad success.
         smd140rec250.pad success.
         smd162by68.pad success.
         smd180rec40.pad success.
         smd20_17.pad success.
         smd240_235.pad success.
         smd250rec46.pad success.
         smd25_310.pad success.
         smd25_310b.pad success.
         smd25_360.pad success.
         smd25_360b.pad success.
         smd25_400.pad success.
         smd25_400b.pad success.
         smd25_48.pad success.
         smd25_48b.pad success.
         smd25_50.pad success.
         smd25_50b.pad success.
         smd25_75.pad success.
         smd25_94.pad success.
         smd25_94b.pad success.
         smd300rec250.pad success.
         smd30_115.pad success.
         smd30_115b.pad success.
         smd30_31.pad success.
         smd30_31b.pad success.
         smd30_35.pad success.
         smd30_35b.pad success.
         smd30_55.pad success.
         smd30_55b.pad success.
         smd30_57.pad success.
         smd30_94.pad success.
         smd30_94b.pad success.
         smd30_96.pad success.
         smd30rec14.pad success.
         smd32_17.pad success.
         smd330rec48.pad success.
         smd335rec350.pad success.
         smd360rec300.pad success.
         smd36_49.pad success.
         smd36rec12.pad success.
         smd38rec32.pad success.
         smd425rec75.pad success.
         smd435rec220.pad success.
         smd44rec32.pad success.
         smd44rec72.pad success.
         smd50_25.pad success.
         smd50_36.pad success.
         smd50_63.pad success.
         smd50_87.pad success.
         smd50rec12.pad success.
         smd50rec19.pad success.
         smd50rec25.pad success.
         smd50rec40.pad success.
         smd52rec32.pad success.
         smd52rec48.pad success.
         smd550rec60.pad success.
         smd55rec425.pad success.
         smd60rec13.pad success.
         smd60rec19.pad success.
         smd60rec20.pad success.
         smd60rec25.pad success.
         smd60rec40.pad success.
         smd65rec13.pad success.
         smd65rec16.pad success.
         smd68rec12.pad success.
         smd70_230.pad success.
         smd70rec20.pad success.
         smd75_25.pad success.
         smd80by180.pad success.
         smd80rec317.pad success.
         smd80rec320.pad success.
         smd84rec12.pad success.
         smd85rec13.pad success.
         smd86rec330.pad success.
         smd90rec19.pad success.
         smdcap.dra success.
         smdcap.psm success.
         smdres.dra success.
         smdres.psm success.
         smiter.psm success.
         soclin.psm success.
         sod57.dra success.
         sod57.psm success.
         sod80.dra success.
         sod80.psm success.
         sod81.dra success.
         sod81.psm success.
         sod87.dra success.
         sod87.psm success.
         soic14.dra success.
         soic14.psm success.
         soic16.dra success.
         soic16.psm success.
         soic16w.dra success.
         soic16w.psm success.
         soic20.dra success.
         soic20.psm success.
         soic20w.dra success.
         soic20w.psm success.
         soic24.dra success.
         soic24.psm success.
         soic24w.dra success.
         soic24w.psm success.
         soic28.dra success.
         soic28.psm success.
         soic28w.dra success.
         soic28w.psm success.
         soic32w.dra success.
         soic32w.psm success.
         soic48w.dra success.
         soic48w.psm success.
         soic56w.dra success.
         soic56w.psm success.
         soic8.dra success.
         soic8.psm success.
         soj.pad success.
         soj20.dra success.
         soj20.psm success.
         soj24.dra success.
         soj24.psm success.
         soj26.dra success.
         soj26.psm success.
         soj26_20.dra success.
         soj26_20.psm success.
         soj26_24.dra success.
         soj26_24.psm success.
         soj26_26.dra success.
         soj26_26.psm success.
         soj26w.dra success.
         soj26w.psm success.
         soj28.dra success.
         soj28.psm success.
         soj32.dra success.
         soj32.psm success.
         soj36.dra success.
         soj36.psm success.
         soj40.dra success.
         soj40.psm success.
         soj42.dra success.
         soj42.psm success.
         sol16.dra success.
         sol16.psm success.
         sol20.dra success.
         sol20.psm success.
         sop24.dra success.
         sop24.psm success.
         sop44.dra success.
         sop44.psm success.
         sot121.dra success.
         sot121.psm success.
         sot123.dra success.
         sot123.psm success.
         sot143.dra success.
         sot143.psm success.
         sot23.dra success.
         sot23.psm success.
         sot89.dra success.
         sot89.psm success.
         spak.dra success.
         spak.psm success.
         spga325.dra success.
         spga325.psm success.
         sq55.pad success.
         sq60.pad success.
         ssop14.dra success.
         ssop14.psm success.
         ssop16.dra success.
         ssop16.psm success.
         ssop20.dra success.
         ssop20.psm success.
         ssop24.dra success.
         ssop24.psm success.
         ssop56.dra success.
         ssop56.psm success.
         switch.dra success.
         switch.psm success.
         target.dra success.
         target.osm success.
    1: Descending directory:      [ template ]
         sym_template.dra success.
    1: returning
         tfc.psm success.
         tfr.psm success.
         to107.dra success.
         to107.psm success.
         to117.dra success.
         to117.psm success.
         to12.dra success.
         to12.psm success.
         to126.dra success.
         to126.psm success.
         to126h.dra success.
         to126h.psm success.
         to126v.dra success.
         to126v.psm success.
         to127.dra success.
         to127.psm success.
         to18.dra success.
         to18.psm success.
         to204aa.dra success.
         to204aa.psm success.
         to204ad.dra success.
         to204ad.psm success.
         to204ae.dra success.
         to204ae.psm success.
         to205af.dra success.
         to205af.psm success.
         to209ac.dra success.
         to209ac.psm success.
         to213aa.dra success.
         to213aa.psm success.
         to218aa.dra success.
         to218aa.psm success.
         to218ac.dra success.
         to218ac.psm success.
         to220aa.dra success.
         to220aa.psm success.
         to220ab.dra success.
         to220ab.psm success.
         to220abh.dra success.
         to220abh.psm success.
         to220abv.dra success.
         to220abv.psm success.
         to220ac.dra success.
         to220ac.psm success.
         to220h.dra success.
         to220h.psm success.
         to220v.dra success.
         to220v.psm success.
         to225aa.dra success.
         to225aa.psm success.
         to236.dra success.
         to236.psm success.
         to236aa.dra success.
         to236aa.psm success.
         to236ab.dra success.
         to236ab.psm success.
         to237.dra success.
         to237.psm success.
         to247ac.dra success.
         to247ac.psm success.
         to247ae.dra success.
         to247ae.psm success.
         to250aa.dra success.
         to250aa.psm success.
         to251aa.dra success.
         to251aa.psm success.
         to252aa.dra success.
         to252aa.psm success.
         to254aa.dra success.
         to254aa.psm success.
         to3.dra success.
         to3.psm success.
         to39.dra success.
         to39.psm success.
         to46.dra success.
         to46.psm success.
         to48.dra success.
         to48.psm success.
         to5.dra success.
         to5.psm success.
         to52.dra success.
         to52.psm success.
         to59.dra success.
         to59.psm success.
         to64.dra success.
         to64.psm success.
         to66.dra success.
         to66.psm success.
         to72.dra success.
         to72.psm success.
         to77.dra success.
         to77.psm success.
         to78.dra success.
         to78.psm success.
         to89.dra success.
         to89.psm success.
         to92.dra success.
         to92.psm success.
         to92var.dra success.
         to92var.psm success.
         tosh_2_8h1a.dra success.
         tosh_2_8h1a.psm success.
         tp.dra success.
         tp.psm success.
         tqfp100.dra success.
         tqfp100.psm success.
         tqfp32.dra success.
         tqfp32.psm success.
         tr30_20.dra success.
         tr30_20.fsm success.
         tsop26_24.dra success.
         tsop26_24.psm success.
         tsop26_3.dra success.
         tsop26_3.psm success.
         tsop28_4.dra success.
         tsop28_4.psm success.
         tsop28f_tos.dra success.
         tsop28f_tos.psm success.
         tsop28r_tos.dra success.
         tsop28r_tos.psm success.
         tsop32_4.dra success.
         tsop32_4.psm success.
         tsop32_8.dra success.
         tsop32_8.psm success.
         tsop40_4.dra success.
         tsop40_4.psm success.
         tsop50_4.dra success.
         tsop50_4.psm success.
         tssop14.dra success.
         tssop14.psm success.
         tssop16.dra success.
         tssop16.psm success.
         tssop20.dra success.
         tssop20.psm success.
         tssop24.dra success.
         tssop24.psm success.
         unit_body_a.dra success.
         unit_body_a.psm success.
         unit_body_b.dra success.
         unit_body_b.psm success.
         usrdef_1.dra success.
         usrdef_1.psm success.
         usrdef_2.dra success.
         usrdef_2.psm success.
         usrdef_3.dra success.
         usrdef_3.psm success.
         usrdef_4.dra success.
         usrdef_4.psm success.
         usrdef_5.dra success.
         usrdef_5.psm success.
         usrdef_6.dra success.
         usrdef_6.psm success.
         usrdef_7.dra success.
         usrdef_7.psm success.
         usrdef_8.dra success.
         usrdef_8.psm success.
         via.pad success.
         via26.pad success.
         via_fc.pad success.
         via_fcd.pad success.
         via_fcu.pad success.
         via_wbd.pad success.
         via_wbu.pad success.
         vqfp100.dra success.
         vqfp100.psm success.
         x2y_0603.dra success.
         x2y_0603.psm success.
         x2y_0603_gnd.pad success.
         x2y_0603_pwr.pad success.
         xpintop.pad success.
         zip16.dra success.
         zip16.psm success.
         zip20.dra success.
         zip20.psm success.
         zip24.dra success.
         zip24.psm success.
         zip28.dra success.
         zip28.psm success.
         zip40.dra success.
         zip40.psm success.
         zip60_mot.dra success.
         zip60_mot.psm success.
         zip64_mot.dra success.
         zip64_mot.psm success.


  SUMMARY UPREV RESULTS:
	Successful uprevs:    1026
	Failures:                0
	Warnings:                0

	Directories Procesed:                3
	Hit directory limit (  3) times:     0

    End Time:           Wed Jan 04 11:15:26 2012

